#
# A fatal error has been detected by the Java Runtime Environment:
#
#  EXCEPTION_ACCESS_VIOLATION (0xc0000005) at pc=0x000000006ea58855, pid=9300, tid=10924
#
# JRE version: Java(TM) SE Runtime Environment (8.0_65-b17) (build 1.8.0_65-b17)
# Java VM: Java HotSpot(TM) 64-Bit Server VM (25.65-b01 mixed mode windows-amd64 compressed oops)
# Problematic frame:
# V  [jvm.dll+0x128855]
#
# Failed to write core dump. Minidumps are not enabled by default on client versions of Windows
#
# If you would like to submit a bug report, please visit:
#   http://bugreport.java.com/bugreport/crash.jsp
#

---------------  T H R E A D  ---------------

Current thread (0x0000000015a67000):  JavaThread "JDWP Transport Listener: dt_socket" daemon [_thread_in_vm, id=10924, stack(0x00000000173f0000,0x00000000174f0000)]

siginfo: ExceptionCode=0xc0000005, reading address 0xffffffffffffffff

Registers:
RAX=0x00000000174ef101, RBX=0x0000000015a67000, RCX=0x4c003b00003b7200, RDX=0x0000000000000000
RSP=0x00000000174ef0f0, RBP=0x4c003b00003b7200, RSI=0x00000000174ef208, RDI=0x0000000002048f10
R8 =0x0000000015a67000, R9 =0x0000000000000000, R10=0x0000000000000000, R11=0x0000000000000064
R12=0x0000000000000000, R13=0x0000000015a71c28, R14=0x0000000000000000, R15=0x0000000000000000
RIP=0x000000006ea58855, EFLAGS=0x0000000000010206

Top of Stack: (sp=0x00000000174ef0f0)
0x00000000174ef0f0:   0000000015a67000 0000000015a67000
0x00000000174ef100:   00000000174ef1b8 000000006ec5e19b
0x00000000174ef110:   0000000015a67000 000000006ec7a9fd
0x00000000174ef120:   0000000000000000 000000006e359155
0x00000000174ef130:   0000000015a86d98 000000006e36291e
0x00000000174ef140:   0000000015a67000 0000000000000000
0x00000000174ef150:   0000000000000000 0000000000000000
0x00000000174ef160:   4c003b00003b7200 000000006e361a15
0x00000000174ef170:   00000000174ef208 00000000174ef1e0
0x00000000174ef180:   0000000000000001 0000000015a86d98
0x00000000174ef190:   4c003b00003b7200 000000006e3453b3
0x00000000174ef1a0:   00000000174ef2d0 0000000000000001
0x00000000174ef1b0:   0000000000000001 0000000015a86d98
0x00000000174ef1c0:   0000000000000001 0000000000000000
0x00000000174ef1d0:   0000000000000000 0000000000000000
0x00000000174ef1e0:   0000000000000001 000000006e345571 

Instructions: (pc=0x000000006ea58855)
0x000000006ea58835:   cc cc cc cc cc cc cc cc cc cc cc 48 83 ec 28 48
0x000000006ea58845:   85 c9 75 07 33 c0 48 83 c4 28 c3 48 89 5c 24 20
0x000000006ea58855:   48 8b 19 48 85 db 74 20 48 83 fb 37 74 1a 48 8b
0x000000006ea58865:   13 48 8b cb ff 52 10 84 c0 74 0d 48 8b c3 48 8b 


Register to memory mapping:

RAX=0x00000000174ef101 is pointing into the stack for thread: 0x0000000015a67000
RBX=0x0000000015a67000 is a thread
RCX=0x4c003b00003b7200 is an unknown value
RDX=0x0000000000000000 is an unknown value
RSP=0x00000000174ef0f0 is pointing into the stack for thread: 0x0000000015a67000
RBP=0x4c003b00003b7200 is an unknown value
RSI=0x00000000174ef208 is pointing into the stack for thread: 0x0000000015a67000
RDI=0x0000000002048f10 is an unknown value
R8 =0x0000000015a67000 is a thread
R9 =0x0000000000000000 is an unknown value
R10=0x0000000000000000 is an unknown value
R11=0x0000000000000064 is an unknown value
R12=0x0000000000000000 is an unknown value
R13=0x0000000015a71c28 is an unknown value
R14=0x0000000000000000 is an unknown value
R15=0x0000000000000000 is an unknown value


Stack: [0x00000000173f0000,0x00000000174f0000],  sp=0x00000000174ef0f0,  free space=1020k
Native frames: (J=compiled Java code, j=interpreted, Vv=VM code, C=native code)
V  [jvm.dll+0x128855]
V  [jvm.dll+0x34a9fd]
C  [jdwp.dll+0x21a15]
C  [jdwp.dll+0x53b3]
C  [jdwp.dll+0x5571]
C  [jdwp.dll+0xf0a8]
C  [jdwp.dll+0x1f2d5]
C  [jdwp.dll+0x1f4aa]
V  [jvm.dll+0x1bb8f8]
V  [jvm.dll+0x243144]
V  [jvm.dll+0x299f7a]
C  [msvcr100.dll+0x21d9f]
C  [msvcr100.dll+0x21e3b]
C  [KERNEL32.DLL+0x12d92]
C  [ntdll.dll+0x9f64]


---------------  P R O C E S S  ---------------

Java Threads: ( => current thread )
  0x0000000017abf000 JavaThread "Abandoned connection cleanup thread" daemon [_thread_blocked, id=9692, stack(0x0000000017ff0000,0x00000000180f0000)]
  0x0000000015abe800 JavaThread "Service Thread" daemon [_thread_blocked, id=3716, stack(0x0000000017df0000,0x0000000017ef0000)]
  0x0000000015a8c800 JavaThread "C1 CompilerThread2" daemon [_thread_blocked, id=3336, stack(0x00000000178f0000,0x00000000179f0000)]
  0x0000000015a89000 JavaThread "C2 CompilerThread1" daemon [_thread_blocked, id=1904, stack(0x00000000177f0000,0x00000000178f0000)]
  0x0000000015a83800 JavaThread "C2 CompilerThread0" daemon [_thread_blocked, id=8588, stack(0x00000000176f0000,0x00000000177f0000)]
  0x0000000015a79000 JavaThread "JDWP Command Reader" daemon [_thread_in_native, id=1604, stack(0x00000000175f0000,0x00000000176f0000)]
  0x0000000015a77800 JavaThread "JDWP Event Helper Thread" daemon [_thread_blocked, id=9208, stack(0x00000000174f0000,0x00000000175f0000)]
=>0x0000000015a67000 JavaThread "JDWP Transport Listener: dt_socket" daemon [_thread_in_vm, id=10924, stack(0x00000000173f0000,0x00000000174f0000)]
  0x0000000015a5c800 JavaThread "Attach Listener" daemon [_thread_blocked, id=4408, stack(0x0000000016fb0000,0x00000000170b0000)]
  0x0000000015a5b800 JavaThread "Signal Dispatcher" daemon [_thread_blocked, id=8216, stack(0x0000000016eb0000,0x0000000016fb0000)]
  0x0000000002167000 JavaThread "Finalizer" daemon [_thread_blocked, id=3064, stack(0x0000000016cb0000,0x0000000016db0000)]
  0x000000000215e000 JavaThread "Reference Handler" daemon [_thread_blocked, id=8712, stack(0x0000000016bb0000,0x0000000016cb0000)]
  0x0000000002072800 JavaThread "main" [_thread_in_native, id=10148, stack(0x0000000001f40000,0x0000000002040000)]

Other Threads:
  0x0000000015a27800 VMThread [stack: 0x0000000016ab0000,0x0000000016bb0000] [id=4652]
  0x0000000017a64000 WatcherThread [stack: 0x0000000017ef0000,0x0000000017ff0000] [id=5808]

VM state:not at safepoint (normal execution)

VM Mutex/Monitor currently owned by a thread: None

Heap:
 PSYoungGen      total 28672K, used 9655K [0x00000000e0700000, 0x00000000e2700000, 0x0000000100000000)
  eden space 24576K, 39% used [0x00000000e0700000,0x00000000e106ddc8,0x00000000e1f00000)
  from space 4096K, 0% used [0x00000000e2300000,0x00000000e2300000,0x00000000e2700000)
  to   space 4096K, 0% used [0x00000000e1f00000,0x00000000e1f00000,0x00000000e2300000)
 ParOldGen       total 65536K, used 0K [0x00000000a1400000, 0x00000000a5400000, 0x00000000e0700000)
  object space 65536K, 0% used [0x00000000a1400000,0x00000000a1400000,0x00000000a5400000)
 Metaspace       used 7615K, capacity 7672K, committed 7808K, reserved 1056768K
  class space    used 778K, capacity 788K, committed 896K, reserved 1048576K

Card table byte_map: [0x0000000011540000,0x0000000011840000] byte_map_base: 0x0000000011036000

Marking Bits: (ParMarkBitMap*) 0x000000006f13a5b0
 Begin Bits: [0x0000000011e40000, 0x00000000135f0000)
 End Bits:   [0x00000000135f0000, 0x0000000014da0000)

Polling page: 0x0000000000630000

CodeCache: size=245760Kb used=1844Kb max_used=1856Kb free=243915Kb
 bounds [0x0000000002180000, 0x00000000023f0000, 0x0000000011180000]
 total_blobs=673 nmethods=325 adapters=269
 compilation: enabled

Compilation events (10 events):
Event: 2.595 Thread 0x0000000015a8c800  320       3       java.util.ResourceBundle::getObject (82 bytes)
Event: 2.596 Thread 0x0000000015a8c800 nmethod 320 0x0000000002349a50 code [0x0000000002349cc0, 0x000000000234add8]
Event: 12.801 Thread 0x0000000015a8c800  321       3       java.lang.ref.ReferenceQueue::reallyPoll (66 bytes)
Event: 12.801 Thread 0x0000000015a8c800 nmethod 321 0x000000000234b4d0 code [0x000000000234b640, 0x000000000234bab0]
Event: 25.766 Thread 0x0000000015a8c800  323   !   3       java.lang.ref.ReferenceQueue::remove (125 bytes)
Event: 25.766 Thread 0x0000000015a8c800 nmethod 323 0x000000000234bf10 code [0x000000000234c100, 0x000000000234ca58]
Event: 249.292 Thread 0x0000000015a89000  324       4       java.lang.ref.ReferenceQueue::reallyPoll (66 bytes)
Event: 249.293 Thread 0x0000000015a89000 nmethod 324 0x000000000234fb50 code [0x000000000234fc80, 0x000000000234fcf8]
Event: 540.328 Thread 0x0000000015a83800  325   !   4       java.lang.ref.ReferenceQueue::remove (125 bytes)
Event: 540.332 Thread 0x0000000015a83800 nmethod 325 0x000000000234dbd0 code [0x000000000234dd40, 0x000000000234e2c8]

GC Heap History (0 events):
No events

Deoptimization events (3 events):
Event: 0.414 Thread 0x0000000002072800 Uncommon trap: reason=unstable_if action=reinterpret pc=0x00000000022be758 method=java.util.Properties$LineReader.readLine()I @ 252
Event: 0.415 Thread 0x0000000002072800 Uncommon trap: reason=unstable_if action=reinterpret pc=0x00000000022cb26c method=java.util.Properties.loadConvert([CII[C)Ljava/lang/String; @ 4
Event: 0.433 Thread 0x0000000002072800 Uncommon trap: reason=unstable_if action=reinterpret pc=0x00000000023262f8 method=java.lang.String.indexOf([CII[CIII)I @ 3

Internal exceptions (6 events):
Event: 0.035 Thread 0x0000000002072800 Exception <a 'java/lang/NoSuchMethodError': Method sun.misc.Unsafe.defineClass(Ljava/lang/String;[BII)Ljava/lang/Class; name or signature does not match> (0x00000000e0713090) thrown at [C:\workspace\8-2-build-windows-amd64-cygwin\jdk8u65\4987\hotspot\src\s8
Event: 0.035 Thread 0x0000000002072800 Exception <a 'java/lang/NoSuchMethodError': Method sun.misc.Unsafe.prefetchRead(Ljava/lang/Object;J)V name or signature does not match> (0x00000000e0713378) thrown at [C:\workspace\8-2-build-windows-amd64-cygwin\jdk8u65\4987\hotspot\src\share\vm\prims\jni.. ð§kqÎ?
Event: 0.238 Thread 0x0000000002072800 Exception <a 'java/security/PrivilegedActionException'> (0x00000000e0926f18) thrown at [C:\workspace\8-2-build-windows-amd64-cygwin\jdk8u65\4987\hotspot\src\share\vm\prims\jvm.cpp, line 1386]
Event: 0.238 Thread 0x0000000002072800 Exception <a 'java/security/PrivilegedActionException'> (0x00000000e0927128) thrown at [C:\workspace\8-2-build-windows-amd64-cygwin\jdk8u65\4987\hotspot\src\share\vm\prims\jvm.cpp, line 1386]
Event: 0.239 Thread 0x0000000002072800 Exception <a 'java/security/PrivilegedActionException'> (0x00000000e092aeb8) thrown at [C:\workspace\8-2-build-windows-amd64-cygwin\jdk8u65\4987\hotspot\src\share\vm\prims\jvm.cpp, line 1386]
Event: 0.239 Thread 0x0000000002072800 Exception <a 'java/security/PrivilegedActionException'> (0x00000000e092b0c8) thrown at [C:\workspace\8-2-build-windows-amd64-cygwin\jdk8u65\4987\hotspot\src\share\vm\prims\jvm.cpp, line 1386]

Events (10 events):
Event: 1465.658 Executing VM operation: RedefineClasses
Event: 1465.659 Executing VM operation: RedefineClasses done
Event: 1501.773 Executing VM operation: RedefineClasses
Event: 1501.775 Executing VM operation: RedefineClasses done
Event: 1537.858 Executing VM operation: RedefineClasses
Event: 1537.859 Executing VM operation: RedefineClasses done
Event: 1539.011 Executing VM operation: RedefineClasses
Event: 1539.012 Executing VM operation: RedefineClasses done
Event: 1567.882 Executing VM operation: RedefineClasses
Event: 1567.884 Executing VM operation: RedefineClasses done


Dynamic libraries:
0x00007ff6b5480000 - 0x00007ff6b54b7000 	C:\Program Files\Java\jre1.8.0_65\bin\javaw.exe
0x00007ffb1c600000 - 0x00007ffb1c7c1000 	C:\WINDOWS\SYSTEM32\ntdll.dll
0x00007ffb1c300000 - 0x00007ffb1c3ad000 	C:\WINDOWS\system32\KERNEL32.DLL
0x00007ffb19a90000 - 0x00007ffb19c6d000 	C:\WINDOWS\system32\KERNELBASE.dll
0x00007ffb19df0000 - 0x00007ffb19e96000 	C:\WINDOWS\system32\ADVAPI32.dll
0x00007ffb1a090000 - 0x00007ffb1a12d000 	C:\WINDOWS\system32\msvcrt.dll
0x00007ffb1a030000 - 0x00007ffb1a08b000 	C:\WINDOWS\system32\sechost.dll
0x00007ffb1c4d0000 - 0x00007ffb1c5f6000 	C:\WINDOWS\system32\RPCRT4.dll
0x00007ffb1bb20000 - 0x00007ffb1bc6e000 	C:\WINDOWS\system32\USER32.dll
0x00007ffb19ea0000 - 0x00007ffb1a026000 	C:\WINDOWS\system32\GDI32.dll
0x00007ffb15110000 - 0x00007ffb15384000 	C:\WINDOWS\WinSxS\amd64_microsoft.windows.common-controls_6595b64144ccf1df_6.0.10240.16384_none_f41f7b285750ef43\COMCTL32.dll
0x00007ffb1a440000 - 0x00007ffb1a476000 	C:\WINDOWS\system32\IMM32.DLL
0x00007ffb1b9c0000 - 0x00007ffb1bb1c000 	C:\WINDOWS\system32\MSCTF.dll
0x00007ffb18e80000 - 0x00007ffb18eb1000 	C:\WINDOWS\system32\nvinitx.dll
0x00007ffb18c30000 - 0x00007ffb18c3a000 	C:\WINDOWS\SYSTEM32\VERSION.dll
0x000000006e460000 - 0x000000006e532000 	C:\Program Files\Java\jre1.8.0_65\bin\msvcr100.dll
0x000000006e930000 - 0x000000006f1b9000 	C:\Program Files\Java\jre1.8.0_65\bin\server\jvm.dll
0x00007ffb1a430000 - 0x00007ffb1a438000 	C:\WINDOWS\system32\PSAPI.DLL
0x00007ffb0c400000 - 0x00007ffb0c409000 	C:\WINDOWS\SYSTEM32\WSOCK32.dll
0x00007ffb19cd0000 - 0x00007ffb19d39000 	C:\WINDOWS\system32\WS2_32.dll
0x00007ffb1bff0000 - 0x00007ffb1bff8000 	C:\WINDOWS\system32\NSI.dll
0x00007ffb172f0000 - 0x00007ffb17313000 	C:\WINDOWS\SYSTEM32\WINMM.dll
0x00007ffb16cc0000 - 0x00007ffb16cec000 	C:\WINDOWS\SYSTEM32\WINMMBASE.dll
0x00007ffb19a40000 - 0x00007ffb19a84000 	C:\WINDOWS\system32\cfgmgr32.dll
0x00007ffb178b0000 - 0x00007ffb178d7000 	C:\WINDOWS\SYSTEM32\DEVOBJ.dll
0x000000006e920000 - 0x000000006e92f000 	C:\Program Files\Java\jre1.8.0_65\bin\verify.dll
0x000000006e8f0000 - 0x000000006e919000 	C:\Program Files\Java\jre1.8.0_65\bin\java.dll
0x000000006e340000 - 0x000000006e375000 	C:\Program Files\Java\jre1.8.0_65\bin\jdwp.dll
0x000000006e330000 - 0x000000006e338000 	C:\Program Files\Java\jre1.8.0_65\bin\npt.dll
0x000000006e8d0000 - 0x000000006e8e6000 	C:\Program Files\Java\jre1.8.0_65\bin\zip.dll
0x00007ffb1a480000 - 0x00007ffb1b9a2000 	C:\WINDOWS\system32\SHELL32.dll
0x00007ffb190d0000 - 0x00007ffb196f8000 	C:\WINDOWS\system32\windows.storage.dll
0x00007ffb1c020000 - 0x00007ffb1c29c000 	C:\WINDOWS\system32\combase.dll
0x00007ffb1bdc0000 - 0x00007ffb1be11000 	C:\WINDOWS\system32\shlwapi.dll
0x00007ffb190c0000 - 0x00007ffb190cf000 	C:\WINDOWS\system32\kernel.appcore.dll
0x00007ffb197b0000 - 0x00007ffb19863000 	C:\WINDOWS\system32\shcore.dll
0x00007ffb19070000 - 0x00007ffb190ba000 	C:\WINDOWS\system32\powrprof.dll
0x00007ffb19030000 - 0x00007ffb19043000 	C:\WINDOWS\system32\profapi.dll
0x000000006e320000 - 0x000000006e329000 	C:\Program Files\Java\jre1.8.0_65\bin\dt_socket.dll
0x00007ffb0ca60000 - 0x00007ffb0ca75000 	C:\WINDOWS\system32\napinsp.dll
0x00007ffb0ca40000 - 0x00007ffb0ca5a000 	C:\WINDOWS\system32\pnrpnsp.dll
0x00007ffb174d0000 - 0x00007ffb174e8000 	C:\WINDOWS\system32\NLAapi.dll
0x00007ffb18850000 - 0x00007ffb188ad000 	C:\WINDOWS\System32\mswsock.dll
0x00007ffb185f0000 - 0x00007ffb18698000 	C:\WINDOWS\SYSTEM32\DNSAPI.dll
0x00007ffb0ca00000 - 0x00007ffb0ca0d000 	C:\WINDOWS\System32\winrnr.dll
0x00007ffb146c0000 - 0x00007ffb14728000 	C:\WINDOWS\System32\fwpuclnt.dll
0x00007ffb18f60000 - 0x00007ffb18f88000 	C:\WINDOWS\SYSTEM32\bcrypt.dll
0x00007ffb0e2a0000 - 0x00007ffb0e2aa000 	C:\Windows\System32\rasadhlp.dll
0x000000006e8b0000 - 0x000000006e8ca000 	C:\Program Files\Java\jre1.8.0_65\bin\net.dll
0x00007ffb0df40000 - 0x00007ffb0e0ca000 	C:\WINDOWS\SYSTEM32\dbghelp.dll

VM Arguments:
jvm_args: -agentlib:jdwp=transport=dt_socket,suspend=y,address=localhost:53938 -Dfile.encoding=Cp1251 
java_command: task17_DB.UseFamilyDB
java_class_path (initial): C:\Users\Aleksandra\workspace\JavaHomeTasks\bin;C:\Users\Aleksandra\workspace\JavaHomeTasks\lib\mysql-connector-java-5.1.37-bin.jar
Launcher Type: SUN_STANDARD

Environment Variables:
JAVA_HOME=C:\Program Files\Java\jdk1.8.0_45
PATH=C:/Program Files/Java/jre1.8.0_65/bin/server;C:/Program Files/Java/jre1.8.0_65/bin;C:/Program Files/Java/jre1.8.0_65/lib/amd64;C:\Program Files (x86)\Common Files\Intel\Shared Libraries\redist\intel64\compiler;C:\Program Files (x86)\Common Files\Intel\Shared Libraries\redist\ia32\compiler;C:\Program Files (x86)\NVIDIA Corporation\PhysX\Common;C:\ProgramData\Oracle\Java\javapath;C:\Program Files (x86)\Intel\iCLS Client\;C:\Program Files\Intel\iCLS Client\;C:\WINDOWS\system32;C:\WINDOWS;C:\WINDOWS\System32\Wbem;C:\WINDOWS\System32\WindowsPowerShell\v1.0\;C:\Program Files (x86)\Intel\OpenCL SDK\3.0\bin\x86;C:\Program Files (x86)\Intel\OpenCL SDK\3.0\bin\x64;C:\Program Files\Intel\Intel(R) Management Engine Components\DAL;C:\Program Files\Intel\Intel(R) Management Engine Components\IPT;C:\Program Files (x86)\Intel\Intel(R) Management Engine Components\DAL;C:\Program Files (x86)\Intel\Intel(R) Management Engine Components\IPT;C:\Program Files\Intel\WiFi\bin\;C:\Program Files\Common Files\Intel\WirelessCommon\;C:\Program Files (x86)\Windows Kits\8.1\Windows Performance Toolkit\;C:\Program Files\Microsoft SQL Server\110\Tools\Binn\;C:\OpenCV\build\x64\vc12;C:\OpenCV\build\x64\vc12\bin;C:\Program Files\TortoiseGit\bin;C:\Program Files (x86)\Microsoft DirectX SDK (June 2010)\\Developer Runtime\x86;C:\Program Files (x86)\Microsoft DirectX SDK (June 2010)\\Developer Runtime\x64;C:\Python27\Scripts;C:\Program Files\Java\jdk1.8.0_45\bin;C:\maven\apache-maven-3.3.1\bin;C:\Python27\;C:\WINDOWS\system32;C:\WINDOWS;C:\WINDOWS\System32\Wbem;C:\WINDOWS\System32\WindowsPowerShell\v1.0\;C:\Program Files (x86)\Skype\Phone\;C:\Programs\Dr. Memory\bin;C:\Users\Aleksandra\Desktop;
USERNAME=Aleksandra
OS=Windows_NT
PROCESSOR_IDENTIFIER=Intel64 Family 6 Model 60 Stepping 3, GenuineIntel



---------------  S Y S T E M  ---------------

OS: Windows 10.0 , 64 bit Build 10240 (10.0.10240.16384)

CPU:total 4 (2 cores per cpu, 2 threads per core) family 6 model 60 stepping 3, cmov, cx8, fxsr, mmx, sse, sse2, sse3, ssse3, sse4.1, sse4.2, popcnt, avx, avx2, aes, clmul, erms, lzcnt, ht, tsc, tscinvbit, bmi1, bmi2

Memory: 4k page, physical 6201624k(1897960k free), swap 9068880k(1721668k free)

vm_info: Java HotSpot(TM) 64-Bit Server VM (25.65-b01) for windows-amd64 JRE (1.8.0_65-b17), built on Oct  6 2015 16:39:20 by "java_re" with MS VC++ 10.0 (VS2010)

time: Fri Nov 06 13:17:02 2015
elapsed time: 1663 seconds (0d 0h 27m 43s)

